                                 Started job on |	Sep 16 19:20:59
                             Started mapping on |	Sep 16 19:21:10
                                    Finished on |	Sep 16 19:23:27
       Mapping speed, Million of reads per hour |	727.47

                          Number of input reads |	27684209
                      Average input read length |	300
                                    UNIQUE READS:
                   Uniquely mapped reads number |	26090546
                        Uniquely mapped reads % |	94.24%
                          Average mapped length |	296.97
                       Number of splices: Total |	27264858
            Number of splices: Annotated (sjdb) |	26925641
                       Number of splices: GT/AG |	26989143
                       Number of splices: GC/AG |	196739
                       Number of splices: AT/AC |	27617
               Number of splices: Non-canonical |	51359
                      Mismatch rate per base, % |	0.34%
                         Deletion rate per base |	0.02%
                        Deletion average length |	2.14
                        Insertion rate per base |	0.01%
                       Insertion average length |	1.91
                             MULTI-MAPPING READS:
        Number of reads mapped to multiple loci |	499647
             % of reads mapped to multiple loci |	1.80%
        Number of reads mapped to too many loci |	6682
             % of reads mapped to too many loci |	0.02%
                                  UNMAPPED READS:
  Number of reads unmapped: too many mismatches |	0
       % of reads unmapped: too many mismatches |	0.00%
            Number of reads unmapped: too short |	1077582
                 % of reads unmapped: too short |	3.89%
                Number of reads unmapped: other |	9752
                     % of reads unmapped: other |	0.04%
                                  CHIMERIC READS:
                       Number of chimeric reads |	0
                            % of chimeric reads |	0.00%
