                                 Started job on |	Sep 16 19:23:44
                             Started mapping on |	Sep 16 19:23:53
                                    Finished on |	Sep 16 19:26:23
       Mapping speed, Million of reads per hour |	711.09

                          Number of input reads |	29628951
                      Average input read length |	300
                                    UNIQUE READS:
                   Uniquely mapped reads number |	27677457
                        Uniquely mapped reads % |	93.41%
                          Average mapped length |	296.30
                       Number of splices: Total |	30170530
            Number of splices: Annotated (sjdb) |	29818407
                       Number of splices: GT/AG |	29872631
                       Number of splices: GC/AG |	215594
                       Number of splices: AT/AC |	29881
               Number of splices: Non-canonical |	52424
                      Mismatch rate per base, % |	0.44%
                         Deletion rate per base |	0.02%
                        Deletion average length |	2.03
                        Insertion rate per base |	0.01%
                       Insertion average length |	1.89
                             MULTI-MAPPING READS:
        Number of reads mapped to multiple loci |	514031
             % of reads mapped to multiple loci |	1.73%
        Number of reads mapped to too many loci |	5957
             % of reads mapped to too many loci |	0.02%
                                  UNMAPPED READS:
  Number of reads unmapped: too many mismatches |	0
       % of reads unmapped: too many mismatches |	0.00%
            Number of reads unmapped: too short |	1422036
                 % of reads unmapped: too short |	4.80%
                Number of reads unmapped: other |	9470
                     % of reads unmapped: other |	0.03%
                                  CHIMERIC READS:
                       Number of chimeric reads |	0
                            % of chimeric reads |	0.00%
