                                 Started job on |	Sep 16 19:26:42
                             Started mapping on |	Sep 16 19:26:52
                                    Finished on |	Sep 16 19:29:21
       Mapping speed, Million of reads per hour |	710.26

                          Number of input reads |	29397051
                      Average input read length |	300
                                    UNIQUE READS:
                   Uniquely mapped reads number |	27458704
                        Uniquely mapped reads % |	93.41%
                          Average mapped length |	295.95
                       Number of splices: Total |	26857262
            Number of splices: Annotated (sjdb) |	26508835
                       Number of splices: GT/AG |	26589369
                       Number of splices: GC/AG |	189523
                       Number of splices: AT/AC |	28818
               Number of splices: Non-canonical |	49552
                      Mismatch rate per base, % |	0.46%
                         Deletion rate per base |	0.01%
                        Deletion average length |	1.94
                        Insertion rate per base |	0.01%
                       Insertion average length |	1.83
                             MULTI-MAPPING READS:
        Number of reads mapped to multiple loci |	578220
             % of reads mapped to multiple loci |	1.97%
        Number of reads mapped to too many loci |	7080
             % of reads mapped to too many loci |	0.02%
                                  UNMAPPED READS:
  Number of reads unmapped: too many mismatches |	0
       % of reads unmapped: too many mismatches |	0.00%
            Number of reads unmapped: too short |	1342129
                 % of reads unmapped: too short |	4.57%
                Number of reads unmapped: other |	10918
                     % of reads unmapped: other |	0.04%
                                  CHIMERIC READS:
                       Number of chimeric reads |	0
                            % of chimeric reads |	0.00%
