                                 Started job on |	Sep 16 19:29:31
                             Started mapping on |	Sep 16 19:29:41
                                    Finished on |	Sep 16 19:32:34
       Mapping speed, Million of reads per hour |	755.76

                          Number of input reads |	36318399
                      Average input read length |	300
                                    UNIQUE READS:
                   Uniquely mapped reads number |	34427478
                        Uniquely mapped reads % |	94.79%
                          Average mapped length |	297.45
                       Number of splices: Total |	34805169
            Number of splices: Annotated (sjdb) |	34241228
                       Number of splices: GT/AG |	34447854
                       Number of splices: GC/AG |	256224
                       Number of splices: AT/AC |	34405
               Number of splices: Non-canonical |	66686
                      Mismatch rate per base, % |	0.32%
                         Deletion rate per base |	0.02%
                        Deletion average length |	2.16
                        Insertion rate per base |	0.01%
                       Insertion average length |	1.92
                             MULTI-MAPPING READS:
        Number of reads mapped to multiple loci |	675338
             % of reads mapped to multiple loci |	1.86%
        Number of reads mapped to too many loci |	9807
             % of reads mapped to too many loci |	0.03%
                                  UNMAPPED READS:
  Number of reads unmapped: too many mismatches |	0
       % of reads unmapped: too many mismatches |	0.00%
            Number of reads unmapped: too short |	1193539
                 % of reads unmapped: too short |	3.29%
                Number of reads unmapped: other |	12237
                     % of reads unmapped: other |	0.03%
                                  CHIMERIC READS:
                       Number of chimeric reads |	0
                            % of chimeric reads |	0.00%
