                                 Started job on |	Sep 16 19:32:55
                             Started mapping on |	Sep 16 19:33:05
                                    Finished on |	Sep 16 19:35:48
       Mapping speed, Million of reads per hour |	712.00

                          Number of input reads |	32237987
                      Average input read length |	300
                                    UNIQUE READS:
                   Uniquely mapped reads number |	30350989
                        Uniquely mapped reads % |	94.15%
                          Average mapped length |	297.20
                       Number of splices: Total |	32711651
            Number of splices: Annotated (sjdb) |	32311709
                       Number of splices: GT/AG |	32390419
                       Number of splices: GC/AG |	234471
                       Number of splices: AT/AC |	31298
               Number of splices: Non-canonical |	55463
                      Mismatch rate per base, % |	0.33%
                         Deletion rate per base |	0.02%
                        Deletion average length |	2.05
                        Insertion rate per base |	0.01%
                       Insertion average length |	1.89
                             MULTI-MAPPING READS:
        Number of reads mapped to multiple loci |	571457
             % of reads mapped to multiple loci |	1.77%
        Number of reads mapped to too many loci |	6709
             % of reads mapped to too many loci |	0.02%
                                  UNMAPPED READS:
  Number of reads unmapped: too many mismatches |	0
       % of reads unmapped: too many mismatches |	0.00%
            Number of reads unmapped: too short |	1297964
                 % of reads unmapped: too short |	4.03%
                Number of reads unmapped: other |	10868
                     % of reads unmapped: other |	0.03%
                                  CHIMERIC READS:
                       Number of chimeric reads |	0
                            % of chimeric reads |	0.00%
