                                 Started job on |	Sep 16 19:35:48
                             Started mapping on |	Sep 16 19:35:58
                                    Finished on |	Sep 16 19:38:24
       Mapping speed, Million of reads per hour |	695.09

                          Number of input reads |	28189913
                      Average input read length |	300
                                    UNIQUE READS:
                   Uniquely mapped reads number |	26653301
                        Uniquely mapped reads % |	94.55%
                          Average mapped length |	296.78
                       Number of splices: Total |	26915542
            Number of splices: Annotated (sjdb) |	26591262
                       Number of splices: GT/AG |	26646223
                       Number of splices: GC/AG |	193572
                       Number of splices: AT/AC |	29043
               Number of splices: Non-canonical |	46704
                      Mismatch rate per base, % |	0.38%
                         Deletion rate per base |	0.01%
                        Deletion average length |	1.93
                        Insertion rate per base |	0.01%
                       Insertion average length |	1.85
                             MULTI-MAPPING READS:
        Number of reads mapped to multiple loci |	544939
             % of reads mapped to multiple loci |	1.93%
        Number of reads mapped to too many loci |	7242
             % of reads mapped to too many loci |	0.03%
                                  UNMAPPED READS:
  Number of reads unmapped: too many mismatches |	0
       % of reads unmapped: too many mismatches |	0.00%
            Number of reads unmapped: too short |	973179
                 % of reads unmapped: too short |	3.45%
                Number of reads unmapped: other |	11252
                     % of reads unmapped: other |	0.04%
                                  CHIMERIC READS:
                       Number of chimeric reads |	0
                            % of chimeric reads |	0.00%
